{"C:\\Users\\shounak\\Desktop\\SYSC4806_MiniShopify\\frontend\\src\\App.vue": {"path":"C:\\Users\\shounak\\Desktop\\SYSC4806_MiniShopify\\frontend\\src\\App.vue","statementMap":{"0":{"start":{"line":26,"column":0},"end":{"line":null,"column":-1}},"1":{"start":{"line":31,"column":0},"end":{"line":null,"column":-1}},"2":{"start":{"line":38,"column":0},"end":{"line":null,"column":-1}},"3":{"start":{"line":39,"column":0},"end":{"line":null,"column":-1}},"4":{"start":{"line":43,"column":0},"end":{"line":null,"column":-1}},"5":{"start":{"line":44,"column":0},"end":{"line":null,"column":-1}},"6":{"start":{"line":45,"column":0},"end":{"line":null,"column":-1}},"7":{"start":{"line":46,"column":0},"end":{"line":null,"column":-1}},"8":{"start":{"line":49,"column":0},"end":{"line":53,"column":0}},"9":{"start":{"line":50,"column":0},"end":{"line":null,"column":-1}},"10":{"start":{"line":52,"column":0},"end":{"line":null,"column":-1}},"11":{"start":{"line":56,"column":0},"end":{"line":null,"column":-1}},"12":{"start":{"line":57,"column":0},"end":{"line":null,"column":-1}},"13":{"start":{"line":58,"column":0},"end":{"line":null,"column":-1}}},"fnMap":{"0":{"name":"data","decl":{"start":{"line":30,"column":0},"end":{"line":null,"column":-1}},"loc":{"start":{"line":30,"column":0},"end":{"line":35,"column":0}}},"1":{"name":"updateBar","decl":{"start":{"line":37,"column":0},"end":{"line":null,"column":-1}},"loc":{"start":{"line":37,"column":0},"end":{"line":40,"column":0}}},"2":{"name":"logoutUser","decl":{"start":{"line":41,"column":0},"end":{"line":null,"column":-1}},"loc":{"start":{"line":41,"column":0},"end":{"line":47,"column":0}}},"3":{"name":"toggleLogin","decl":{"start":{"line":48,"column":0},"end":{"line":null,"column":-1}},"loc":{"start":{"line":48,"column":0},"end":{"line":54,"column":0}}},"4":{"name":"handleChange","decl":{"start":{"line":55,"column":0},"end":{"line":null,"column":-1}},"loc":{"start":{"line":55,"column":0},"end":{"line":59,"column":0}}}},"branchMap":{"0":{"loc":{"start":{"line":49,"column":0},"end":{"line":53,"column":0}},"type":"if","locations":[{"start":{"line":49,"column":0},"end":{"line":53,"column":0}},{"start":{"line":49,"column":0},"end":{"line":53,"column":0}}]}},"s":{"0":0,"1":0,"2":0,"3":0,"4":0,"5":0,"6":0,"7":0,"8":0,"9":0,"10":0,"11":0,"12":0,"13":0},"f":{"0":0,"1":0,"2":0,"3":0,"4":0},"b":{"0":[0,0]}}
,"C:\\Users\\shounak\\Desktop\\SYSC4806_MiniShopify\\frontend\\src\\components\\CartItem.vue": {"path":"C:\\Users\\shounak\\Desktop\\SYSC4806_MiniShopify\\frontend\\src\\components\\CartItem.vue","statementMap":{"0":{"start":{"line":13,"column":0},"end":{"line":null,"column":-1}},"1":{"start":{"line":14,"column":0},"end":{"line":null,"column":-1}},"2":{"start":{"line":20,"column":0},"end":{"line":null,"column":-1}},"3":{"start":{"line":21,"column":0},"end":{"line":null,"column":-1}},"4":{"start":{"line":22,"column":0},"end":{"line":null,"column":-1}},"5":{"start":{"line":23,"column":0},"end":{"line":41,"column":0}},"6":{"start":{"line":24,"column":0},"end":{"line":38,"column":0}},"7":{"start":{"line":34,"column":0},"end":{"line":null,"column":-1}},"8":{"start":{"line":35,"column":0},"end":{"line":null,"column":-1}},"9":{"start":{"line":37,"column":0},"end":{"line":null,"column":-1}},"10":{"start":{"line":40,"column":0},"end":{"line":null,"column":-1}}},"fnMap":{"0":{"name":"removeItemFromCart","decl":{"start":{"line":20,"column":0},"end":{"line":null,"column":-1}},"loc":{"start":{"line":20,"column":0},"end":{"line":42,"column":0}}},"1":{"name":"(anonymous_3)","decl":{"start":{"line":29,"column":0},"end":{"line":null,"column":-1}},"loc":{"start":{"line":29,"column":0},"end":{"line":36,"column":0}}},"2":{"name":"(anonymous_4)","decl":{"start":{"line":36,"column":0},"end":{"line":null,"column":-1}},"loc":{"start":{"line":36,"column":0},"end":{"line":38,"column":0}}}},"branchMap":{"0":{"loc":{"start":{"line":23,"column":0},"end":{"line":41,"column":0}},"type":"if","locations":[{"start":{"line":23,"column":0},"end":{"line":41,"column":0}},{"start":{"line":23,"column":0},"end":{"line":41,"column":0}}]}},"s":{"0":0,"1":0,"2":0,"3":0,"4":0,"5":0,"6":0,"7":0,"8":0,"9":0,"10":0},"f":{"0":0,"1":0,"2":0},"b":{"0":[0,0]}}
,"C:\\Users\\shounak\\Desktop\\SYSC4806_MiniShopify\\frontend\\src\\components\\EditItem.vue": {"path":"C:\\Users\\shounak\\Desktop\\SYSC4806_MiniShopify\\frontend\\src\\components\\EditItem.vue","statementMap":{"0":{"start":{"line":30,"column":0},"end":{"line":null,"column":-1}},"1":{"start":{"line":33,"column":0},"end":{"line":null,"column":-1}},"2":{"start":{"line":42,"column":0},"end":{"line":null,"column":-1}},"3":{"start":{"line":45,"column":0},"end":{"line":null,"column":-1}},"4":{"start":{"line":48,"column":0},"end":{"line":null,"column":-1}},"5":{"start":{"line":51,"column":0},"end":{"line":null,"column":-1}},"6":{"start":{"line":57,"column":0},"end":{"line":null,"column":-1}},"7":{"start":{"line":63,"column":0},"end":{"line":null,"column":-1}},"8":{"start":{"line":66,"column":0},"end":{"line":null,"column":-1}}},"fnMap":{"0":{"name":"mounted","decl":{"start":{"line":29,"column":0},"end":{"line":null,"column":-1}},"loc":{"start":{"line":29,"column":0},"end":{"line":31,"column":0}}},"1":{"name":"data","decl":{"start":{"line":32,"column":0},"end":{"line":null,"column":-1}},"loc":{"start":{"line":32,"column":0},"end":{"line":39,"column":0}}},"2":{"name":"name","decl":{"start":{"line":41,"column":0},"end":{"line":null,"column":-1}},"loc":{"start":{"line":41,"column":0},"end":{"line":43,"column":0}}},"3":{"name":"description","decl":{"start":{"line":44,"column":0},"end":{"line":null,"column":-1}},"loc":{"start":{"line":44,"column":0},"end":{"line":46,"column":0}}},"4":{"name":"stockPrice","decl":{"start":{"line":47,"column":0},"end":{"line":null,"column":-1}},"loc":{"start":{"line":47,"column":0},"end":{"line":49,"column":0}}},"5":{"name":"stockQuantity","decl":{"start":{"line":50,"column":0},"end":{"line":null,"column":-1}},"loc":{"start":{"line":50,"column":0},"end":{"line":52,"column":0}}},"6":{"name":"updateItem","decl":{"start":{"line":56,"column":0},"end":{"line":null,"column":-1}},"loc":{"start":{"line":56,"column":0},"end":{"line":64,"column":0}}},"7":{"name":"removeItem","decl":{"start":{"line":65,"column":0},"end":{"line":null,"column":-1}},"loc":{"start":{"line":65,"column":0},"end":{"line":67,"column":0}}}},"branchMap":{},"s":{"0":0,"1":0,"2":0,"3":0,"4":0,"5":0,"6":0,"7":0,"8":0},"f":{"0":0,"1":0,"2":0,"3":0,"4":0,"5":0,"6":0,"7":0},"b":{}}
,"C:\\Users\\shounak\\Desktop\\SYSC4806_MiniShopify\\frontend\\src\\components\\ProductItem.vue": {"path":"C:\\Users\\shounak\\Desktop\\SYSC4806_MiniShopify\\frontend\\src\\components\\ProductItem.vue","statementMap":{"0":{"start":{"line":42,"column":0},"end":{"line":null,"column":-1}},"1":{"start":{"line":48,"column":0},"end":{"line":52,"column":0}},"2":{"start":{"line":49,"column":0},"end":{"line":null,"column":-1}},"3":{"start":{"line":51,"column":0},"end":{"line":null,"column":-1}}},"fnMap":{"0":{"name":"data","decl":{"start":{"line":41,"column":0},"end":{"line":null,"column":-1}},"loc":{"start":{"line":41,"column":0},"end":{"line":45,"column":0}}},"1":{"name":"addItemToCart","decl":{"start":{"line":47,"column":0},"end":{"line":null,"column":-1}},"loc":{"start":{"line":47,"column":0},"end":{"line":53,"column":0}}}},"branchMap":{"0":{"loc":{"start":{"line":48,"column":0},"end":{"line":52,"column":0}},"type":"if","locations":[{"start":{"line":48,"column":0},"end":{"line":52,"column":0}},{"start":{"line":48,"column":0},"end":{"line":52,"column":0}}]}},"s":{"0":0,"1":0,"2":0,"3":0},"f":{"0":0,"1":0},"b":{"0":[0,0]}}
,"C:\\Users\\shounak\\Desktop\\SYSC4806_MiniShopify\\frontend\\src\\components\\ShopItem.vue": {"path":"C:\\Users\\shounak\\Desktop\\SYSC4806_MiniShopify\\frontend\\src\\components\\ShopItem.vue","statementMap":{"0":{"start":{"line":26,"column":0},"end":{"line":30,"column":0}},"1":{"start":{"line":27,"column":0},"end":{"line":null,"column":-1}},"2":{"start":{"line":29,"column":0},"end":{"line":null,"column":-1}}},"fnMap":{"0":{"name":"selectShop","decl":{"start":{"line":25,"column":0},"end":{"line":null,"column":-1}},"loc":{"start":{"line":25,"column":0},"end":{"line":31,"column":0}}}},"branchMap":{"0":{"loc":{"start":{"line":26,"column":0},"end":{"line":30,"column":0}},"type":"if","locations":[{"start":{"line":26,"column":0},"end":{"line":30,"column":0}},{"start":{"line":26,"column":0},"end":{"line":30,"column":0}}]}},"s":{"0":0,"1":0,"2":0},"f":{"0":0},"b":{"0":[0,0]}}
,"C:\\Users\\shounak\\Desktop\\SYSC4806_MiniShopify\\frontend\\src\\constants\\constants.js": {"path":"C:\\Users\\shounak\\Desktop\\SYSC4806_MiniShopify\\frontend\\src\\constants\\constants.js","statementMap":{"0":{"start":{"line":1,"column":35},"end":{"line":1,"column":42}},"1":{"start":{"line":2,"column":28},"end":{"line":2,"column":37}},"2":{"start":{"line":3,"column":35},"end":{"line":3,"column":50}},"3":{"start":{"line":5,"column":38},"end":{"line":5,"column":47}},"4":{"start":{"line":7,"column":30},"end":{"line":7,"column":33}},"5":{"start":{"line":10,"column":10},"end":{"line":10,"column":20}},"6":{"start":{"line":11,"column":2},"end":{"line":11,"column":57}},"7":{"start":{"line":12,"column":16},"end":{"line":12,"column":44}},"8":{"start":{"line":13,"column":2},"end":{"line":13,"column":68}},"9":{"start":{"line":17,"column":10},"end":{"line":17,"column":20}},"10":{"start":{"line":18,"column":2},"end":{"line":18,"column":57}},"11":{"start":{"line":19,"column":16},"end":{"line":19,"column":44}},"12":{"start":{"line":20,"column":2},"end":{"line":20,"column":69}},"13":{"start":{"line":24,"column":13},"end":{"line":24,"column":24}},"14":{"start":{"line":25,"column":22},"end":{"line":25,"column":37}},"15":{"start":{"line":26,"column":11},"end":{"line":26,"column":35}},"16":{"start":{"line":27,"column":2},"end":{"line":35,"column":3}},"17":{"start":{"line":28,"column":12},"end":{"line":28,"column":17}},"18":{"start":{"line":29,"column":4},"end":{"line":31,"column":5}},"19":{"start":{"line":30,"column":6},"end":{"line":30,"column":24}},"20":{"start":{"line":32,"column":4},"end":{"line":34,"column":5}},"21":{"start":{"line":33,"column":6},"end":{"line":33,"column":47}},"22":{"start":{"line":36,"column":2},"end":{"line":36,"column":11}}},"fnMap":{"0":{"name":"setCookie","decl":{"start":{"line":9,"column":16},"end":{"line":9,"column":25}},"loc":{"start":{"line":9,"column":49},"end":{"line":14,"column":1}},"line":9},"1":{"name":"addCookie","decl":{"start":{"line":16,"column":16},"end":{"line":16,"column":25}},"loc":{"start":{"line":16,"column":49},"end":{"line":21,"column":1}},"line":16},"2":{"name":"getCookie","decl":{"start":{"line":23,"column":16},"end":{"line":23,"column":25}},"loc":{"start":{"line":23,"column":33},"end":{"line":37,"column":1}},"line":23}},"branchMap":{"0":{"loc":{"start":{"line":32,"column":4},"end":{"line":34,"column":5}},"type":"if","locations":[{"start":{"line":32,"column":4},"end":{"line":34,"column":5}},{"start":{"line":32,"column":4},"end":{"line":34,"column":5}}],"line":32}},"s":{"0":1,"1":1,"2":1,"3":1,"4":1,"5":0,"6":0,"7":0,"8":0,"9":0,"10":0,"11":0,"12":0,"13":0,"14":0,"15":0,"16":0,"17":0,"18":0,"19":0,"20":0,"21":0,"22":0},"f":{"0":0,"1":0,"2":0},"b":{"0":[0,0]},"_coverageSchema":"332fd63041d2c1bcb487cc26dd0d5f7d97098a6c","hash":"d2cd44f62273dbfdb96a679c7ceb73f82d71cdd1"}
,"C:\\Users\\shounak\\Desktop\\SYSC4806_MiniShopify\\frontend\\src\\pages\\AllShopsPage.vue": {"path":"C:\\Users\\shounak\\Desktop\\SYSC4806_MiniShopify\\frontend\\src\\pages\\AllShopsPage.vue","statementMap":{"0":{"start":{"line":24,"column":0},"end":{"line":null,"column":-1}},"1":{"start":{"line":25,"column":0},"end":{"line":null,"column":-1}},"2":{"start":{"line":26,"column":0},"end":{"line":null,"column":-1}},"3":{"start":{"line":34,"column":0},"end":{"line":37,"column":0}},"4":{"start":{"line":35,"column":0},"end":{"line":null,"column":-1}},"5":{"start":{"line":36,"column":0},"end":{"line":null,"column":-1}},"6":{"start":{"line":38,"column":0},"end":{"line":null,"column":-1}},"7":{"start":{"line":41,"column":0},"end":{"line":null,"column":-1}},"8":{"start":{"line":50,"column":0},"end":{"line":null,"column":-1}},"9":{"start":{"line":51,"column":0},"end":{"line":null,"column":-1}},"10":{"start":{"line":52,"column":0},"end":{"line":null,"column":-1}},"11":{"start":{"line":53,"column":0},"end":{"line":72,"column":0}},"12":{"start":{"line":55,"column":0},"end":{"line":null,"column":-1}},"13":{"start":{"line":56,"column":0},"end":{"line":null,"column":-1}},"14":{"start":{"line":57,"column":0},"end":{"line":68,"column":0}},"15":{"start":{"line":58,"column":0},"end":{"line":65,"column":0}},"16":{"start":{"line":59,"column":0},"end":{"line":63,"column":0}},"17":{"start":{"line":60,"column":0},"end":{"line":62,"column":0}},"18":{"start":{"line":61,"column":0},"end":{"line":null,"column":-1}},"19":{"start":{"line":64,"column":0},"end":{"line":null,"column":-1}},"20":{"start":{"line":66,"column":0},"end":{"line":null,"column":-1}},"21":{"start":{"line":67,"column":0},"end":{"line":null,"column":-1}},"22":{"start":{"line":71,"column":0},"end":{"line":null,"column":-1}},"23":{"start":{"line":75,"column":0},"end":{"line":81,"column":0}},"24":{"start":{"line":76,"column":0},"end":{"line":null,"column":-1}},"25":{"start":{"line":77,"column":0},"end":{"line":null,"column":-1}},"26":{"start":{"line":79,"column":0},"end":{"line":null,"column":-1}},"27":{"start":{"line":80,"column":0},"end":{"line":null,"column":-1}}},"fnMap":{"0":{"name":"mounted","decl":{"start":{"line":33,"column":0},"end":{"line":null,"column":-1}},"loc":{"start":{"line":33,"column":0},"end":{"line":39,"column":0}}},"1":{"name":"data","decl":{"start":{"line":40,"column":0},"end":{"line":null,"column":-1}},"loc":{"start":{"line":40,"column":0},"end":{"line":48,"column":0}}},"2":{"name":"loadShops","decl":{"start":{"line":50,"column":0},"end":{"line":null,"column":-1}},"loc":{"start":{"line":50,"column":0},"end":{"line":73,"column":0}}},"3":{"name":"(anonymous_5)","decl":{"start":{"line":53,"column":0},"end":{"line":null,"column":-1}},"loc":{"start":{"line":53,"column":0},"end":{"line":69,"column":0}}},"4":{"name":"(anonymous_6)","decl":{"start":{"line":59,"column":0},"end":{"line":null,"column":-1}},"loc":{"start":{"line":59,"column":0},"end":{"line":63,"column":0}}},"5":{"name":"(anonymous_7)","decl":{"start":{"line":69,"column":0},"end":{"line":null,"column":-1}},"loc":{"start":{"line":69,"column":0},"end":{"line":72,"column":0}}},"6":{"name":"toggleShops","decl":{"start":{"line":74,"column":0},"end":{"line":null,"column":-1}},"loc":{"start":{"line":74,"column":0},"end":{"line":82,"column":0}}}},"branchMap":{"0":{"loc":{"start":{"line":34,"column":0},"end":{"line":37,"column":0}},"type":"if","locations":[{"start":{"line":34,"column":0},"end":{"line":37,"column":0}},{"start":{"line":34,"column":0},"end":{"line":37,"column":0}}]},"1":{"loc":{"start":{"line":57,"column":0},"end":{"line":68,"column":0}},"type":"if","locations":[{"start":{"line":57,"column":0},"end":{"line":68,"column":0}},{"start":{"line":57,"column":0},"end":{"line":68,"column":0}}]},"2":{"loc":{"start":{"line":58,"column":0},"end":{"line":65,"column":0}},"type":"if","locations":[{"start":{"line":58,"column":0},"end":{"line":65,"column":0}},{"start":{"line":58,"column":0},"end":{"line":65,"column":0}}]},"3":{"loc":{"start":{"line":60,"column":0},"end":{"line":62,"column":0}},"type":"if","locations":[{"start":{"line":60,"column":0},"end":{"line":62,"column":0}},{"start":{"line":60,"column":0},"end":{"line":62,"column":0}}]},"4":{"loc":{"start":{"line":75,"column":0},"end":{"line":81,"column":0}},"type":"if","locations":[{"start":{"line":75,"column":0},"end":{"line":81,"column":0}},{"start":{"line":75,"column":0},"end":{"line":81,"column":0}}]}},"s":{"0":0,"1":0,"2":0,"3":0,"4":0,"5":0,"6":0,"7":0,"8":0,"9":0,"10":0,"11":0,"12":0,"13":0,"14":0,"15":0,"16":0,"17":0,"18":0,"19":0,"20":0,"21":0,"22":0,"23":0,"24":0,"25":0,"26":0,"27":0},"f":{"0":0,"1":0,"2":0,"3":0,"4":0,"5":0,"6":0},"b":{"0":[0,0],"1":[0,0],"2":[0,0],"3":[0,0],"4":[0,0]}}
,"C:\\Users\\shounak\\Desktop\\SYSC4806_MiniShopify\\frontend\\src\\pages\\CartPage.vue": {"path":"C:\\Users\\shounak\\Desktop\\SYSC4806_MiniShopify\\frontend\\src\\pages\\CartPage.vue","statementMap":{"0":{"start":{"line":17,"column":0},"end":{"line":null,"column":-1}},"1":{"start":{"line":18,"column":0},"end":{"line":null,"column":-1}},"2":{"start":{"line":25,"column":0},"end":{"line":null,"column":-1}},"3":{"start":{"line":33,"column":0},"end":{"line":36,"column":0}},"4":{"start":{"line":34,"column":0},"end":{"line":null,"column":-1}},"5":{"start":{"line":35,"column":0},"end":{"line":null,"column":-1}},"6":{"start":{"line":37,"column":0},"end":{"line":null,"column":-1}},"7":{"start":{"line":40,"column":0},"end":{"line":null,"column":-1}},"8":{"start":{"line":47,"column":0},"end":{"line":null,"column":-1}},"9":{"start":{"line":48,"column":0},"end":{"line":null,"column":-1}},"10":{"start":{"line":49,"column":0},"end":{"line":null,"column":-1}},"11":{"start":{"line":50,"column":0},"end":{"line":59,"column":0}},"12":{"start":{"line":54,"column":0},"end":{"line":null,"column":-1}},"13":{"start":{"line":55,"column":0},"end":{"line":null,"column":-1}},"14":{"start":{"line":56,"column":0},"end":{"line":null,"column":-1}},"15":{"start":{"line":58,"column":0},"end":{"line":null,"column":-1}},"16":{"start":{"line":61,"column":0},"end":{"line":null,"column":-1}},"17":{"start":{"line":62,"column":0},"end":{"line":null,"column":-1}},"18":{"start":{"line":63,"column":0},"end":{"line":null,"column":-1}},"19":{"start":{"line":64,"column":0},"end":{"line":73,"column":0}},"20":{"start":{"line":69,"column":0},"end":{"line":null,"column":-1}},"21":{"start":{"line":72,"column":0},"end":{"line":null,"column":-1}}},"fnMap":{"0":{"name":"mounted","decl":{"start":{"line":32,"column":0},"end":{"line":null,"column":-1}},"loc":{"start":{"line":32,"column":0},"end":{"line":38,"column":0}}},"1":{"name":"data","decl":{"start":{"line":39,"column":0},"end":{"line":null,"column":-1}},"loc":{"start":{"line":39,"column":0},"end":{"line":45,"column":0}}},"2":{"name":"getCart","decl":{"start":{"line":47,"column":0},"end":{"line":null,"column":-1}},"loc":{"start":{"line":47,"column":0},"end":{"line":60,"column":0}}},"3":{"name":"(anonymous_5)","decl":{"start":{"line":50,"column":0},"end":{"line":null,"column":-1}},"loc":{"start":{"line":50,"column":0},"end":{"line":57,"column":0}}},"4":{"name":"(anonymous_6)","decl":{"start":{"line":57,"column":0},"end":{"line":null,"column":-1}},"loc":{"start":{"line":57,"column":0},"end":{"line":59,"column":0}}},"5":{"name":"getTotal","decl":{"start":{"line":61,"column":0},"end":{"line":null,"column":-1}},"loc":{"start":{"line":61,"column":0},"end":{"line":74,"column":0}}},"6":{"name":"(anonymous_8)","decl":{"start":{"line":64,"column":0},"end":{"line":null,"column":-1}},"loc":{"start":{"line":64,"column":0},"end":{"line":70,"column":0}}},"7":{"name":"(anonymous_9)","decl":{"start":{"line":70,"column":0},"end":{"line":null,"column":-1}},"loc":{"start":{"line":70,"column":0},"end":{"line":73,"column":0}}},"8":{"name":"checkout","decl":{"start":{"line":75,"column":0},"end":{"line":null,"column":-1}},"loc":{"start":{"line":75,"column":0},"end":{"line":null,"column":-1}}}},"branchMap":{"0":{"loc":{"start":{"line":33,"column":0},"end":{"line":36,"column":0}},"type":"if","locations":[{"start":{"line":33,"column":0},"end":{"line":36,"column":0}},{"start":{"line":33,"column":0},"end":{"line":36,"column":0}}]}},"s":{"0":0,"1":0,"2":0,"3":0,"4":0,"5":0,"6":0,"7":0,"8":0,"9":0,"10":0,"11":0,"12":0,"13":0,"14":0,"15":0,"16":0,"17":0,"18":0,"19":0,"20":0,"21":0},"f":{"0":0,"1":0,"2":0,"3":0,"4":0,"5":0,"6":0,"7":0,"8":0},"b":{"0":[0,0]}}
,"C:\\Users\\shounak\\Desktop\\SYSC4806_MiniShopify\\frontend\\src\\pages\\CreateShopPage.vue": {"path":"C:\\Users\\shounak\\Desktop\\SYSC4806_MiniShopify\\frontend\\src\\pages\\CreateShopPage.vue","statementMap":{"0":{"start":{"line":27,"column":0},"end":{"line":null,"column":-1}},"1":{"start":{"line":28,"column":0},"end":{"line":null,"column":-1}},"2":{"start":{"line":29,"column":0},"end":{"line":null,"column":-1}},"3":{"start":{"line":48,"column":0},"end":{"line":51,"column":0}},"4":{"start":{"line":49,"column":0},"end":{"line":null,"column":-1}},"5":{"start":{"line":50,"column":0},"end":{"line":null,"column":-1}},"6":{"start":{"line":52,"column":0},"end":{"line":54,"column":0}},"7":{"start":{"line":53,"column":0},"end":{"line":null,"column":-1}},"8":{"start":{"line":57,"column":0},"end":{"line":null,"column":-1}},"9":{"start":{"line":69,"column":0},"end":{"line":null,"column":-1}},"10":{"start":{"line":70,"column":0},"end":{"line":null,"column":-1}},"11":{"start":{"line":71,"column":0},"end":{"line":83,"column":0}},"12":{"start":{"line":73,"column":0},"end":{"line":null,"column":-1}},"13":{"start":{"line":74,"column":0},"end":{"line":null,"column":-1}},"14":{"start":{"line":75,"column":0},"end":{"line":null,"column":-1}},"15":{"start":{"line":76,"column":0},"end":{"line":null,"column":-1}},"16":{"start":{"line":77,"column":0},"end":{"line":null,"column":-1}},"17":{"start":{"line":78,"column":0},"end":{"line":null,"column":-1}},"18":{"start":{"line":79,"column":0},"end":{"line":null,"column":-1}},"19":{"start":{"line":82,"column":0},"end":{"line":null,"column":-1}},"20":{"start":{"line":85,"column":0},"end":{"line":null,"column":-1}},"21":{"start":{"line":86,"column":0},"end":{"line":88,"column":0}},"22":{"start":{"line":87,"column":0},"end":{"line":null,"column":-1}},"23":{"start":{"line":91,"column":0},"end":{"line":null,"column":-1}},"24":{"start":{"line":92,"column":0},"end":{"line":94,"column":0}},"25":{"start":{"line":93,"column":0},"end":{"line":null,"column":-1}},"26":{"start":{"line":95,"column":0},"end":{"line":null,"column":-1}},"27":{"start":{"line":98,"column":0},"end":{"line":null,"column":-1}},"28":{"start":{"line":101,"column":0},"end":{"line":null,"column":-1}},"29":{"start":{"line":102,"column":0},"end":{"line":null,"column":-1}},"30":{"start":{"line":105,"column":0},"end":{"line":null,"column":-1}},"31":{"start":{"line":113,"column":0},"end":{"line":115,"column":0}},"32":{"start":{"line":114,"column":0},"end":{"line":null,"column":-1}},"33":{"start":{"line":119,"column":0},"end":{"line":null,"column":-1}},"34":{"start":{"line":120,"column":0},"end":{"line":null,"column":-1}},"35":{"start":{"line":121,"column":0},"end":{"line":123,"column":0}},"36":{"start":{"line":122,"column":0},"end":{"line":null,"column":-1}},"37":{"start":{"line":124,"column":0},"end":{"line":null,"column":-1}},"38":{"start":{"line":126,"column":0},"end":{"line":null,"column":-1}},"39":{"start":{"line":127,"column":0},"end":{"line":144,"column":0}},"40":{"start":{"line":128,"column":0},"end":{"line":null,"column":-1}},"41":{"start":{"line":129,"column":0},"end":{"line":null,"column":-1}},"42":{"start":{"line":130,"column":0},"end":{"line":null,"column":-1}},"43":{"start":{"line":131,"column":0},"end":{"line":143,"column":0}},"44":{"start":{"line":139,"column":0},"end":{"line":null,"column":-1}},"45":{"start":{"line":140,"column":0},"end":{"line":null,"column":-1}},"46":{"start":{"line":142,"column":0},"end":{"line":null,"column":-1}},"47":{"start":{"line":146,"column":0},"end":{"line":null,"column":-1}},"48":{"start":{"line":147,"column":0},"end":{"line":165,"column":0}},"49":{"start":{"line":148,"column":0},"end":{"line":null,"column":-1}},"50":{"start":{"line":149,"column":0},"end":{"line":null,"column":-1}},"51":{"start":{"line":150,"column":0},"end":{"line":null,"column":-1}},"52":{"start":{"line":151,"column":0},"end":{"line":164,"column":0}},"53":{"start":{"line":160,"column":0},"end":{"line":null,"column":-1}},"54":{"start":{"line":161,"column":0},"end":{"line":null,"column":-1}},"55":{"start":{"line":163,"column":0},"end":{"line":null,"column":-1}},"56":{"start":{"line":167,"column":0},"end":{"line":null,"column":-1}},"57":{"start":{"line":168,"column":0},"end":{"line":null,"column":-1}},"58":{"start":{"line":169,"column":0},"end":{"line":177,"column":0}},"59":{"start":{"line":173,"column":0},"end":{"line":null,"column":-1}},"60":{"start":{"line":174,"column":0},"end":{"line":null,"column":-1}},"61":{"start":{"line":176,"column":0},"end":{"line":null,"column":-1}},"62":{"start":{"line":180,"column":0},"end":{"line":null,"column":-1}},"63":{"start":{"line":181,"column":0},"end":{"line":197,"column":0}},"64":{"start":{"line":182,"column":0},"end":{"line":null,"column":-1}},"65":{"start":{"line":183,"column":0},"end":{"line":188,"column":0}},"66":{"start":{"line":184,"column":0},"end":{"line":187,"column":0}},"67":{"start":{"line":185,"column":0},"end":{"line":null,"column":-1}},"68":{"start":{"line":186,"column":0},"end":{"line":null,"column":-1}},"69":{"start":{"line":189,"column":0},"end":{"line":194,"column":0}},"70":{"start":{"line":190,"column":0},"end":{"line":193,"column":0}},"71":{"start":{"line":191,"column":0},"end":{"line":null,"column":-1}},"72":{"start":{"line":192,"column":0},"end":{"line":null,"column":-1}},"73":{"start":{"line":196,"column":0},"end":{"line":null,"column":-1}},"74":{"start":{"line":198,"column":0},"end":{"line":null,"column":-1}}},"fnMap":{"0":{"name":"mounted","decl":{"start":{"line":47,"column":0},"end":{"line":null,"column":-1}},"loc":{"start":{"line":47,"column":0},"end":{"line":55,"column":0}}},"1":{"name":"data","decl":{"start":{"line":56,"column":0},"end":{"line":null,"column":-1}},"loc":{"start":{"line":56,"column":0},"end":{"line":67,"column":0}}},"2":{"name":"setEditMode","decl":{"start":{"line":69,"column":0},"end":{"line":null,"column":-1}},"loc":{"start":{"line":69,"column":0},"end":{"line":84,"column":0}}},"3":{"name":"(anonymous_5)","decl":{"start":{"line":71,"column":0},"end":{"line":null,"column":-1}},"loc":{"start":{"line":71,"column":0},"end":{"line":80,"column":0}}},"4":{"name":"(anonymous_6)","decl":{"start":{"line":80,"column":0},"end":{"line":null,"column":-1}},"loc":{"start":{"line":80,"column":0},"end":{"line":83,"column":0}}},"5":{"name":"populateEditComponents","decl":{"start":{"line":85,"column":0},"end":{"line":null,"column":-1}},"loc":{"start":{"line":85,"column":0},"end":{"line":89,"column":0}}},"6":{"name":"(anonymous_8)","decl":{"start":{"line":86,"column":0},"end":{"line":null,"column":-1}},"loc":{"start":{"line":86,"column":0},"end":{"line":88,"column":0}}},"7":{"name":"parseTags","decl":{"start":{"line":90,"column":0},"end":{"line":null,"column":-1}},"loc":{"start":{"line":90,"column":0},"end":{"line":96,"column":0}}},"8":{"name":"(anonymous_10)","decl":{"start":{"line":92,"column":0},"end":{"line":null,"column":-1}},"loc":{"start":{"line":92,"column":0},"end":{"line":94,"column":0}}},"9":{"name":"addItemComponent","decl":{"start":{"line":97,"column":0},"end":{"line":null,"column":-1}},"loc":{"start":{"line":97,"column":0},"end":{"line":99,"column":0}}},"10":{"name":"removeItemComponent","decl":{"start":{"line":100,"column":0},"end":{"line":null,"column":-1}},"loc":{"start":{"line":100,"column":0},"end":{"line":103,"column":0}}},"11":{"name":"addItem","decl":{"start":{"line":104,"column":0},"end":{"line":null,"column":-1}},"loc":{"start":{"line":104,"column":0},"end":{"line":111,"column":0}}},"12":{"name":"updateItem","decl":{"start":{"line":112,"column":0},"end":{"line":null,"column":-1}},"loc":{"start":{"line":112,"column":0},"end":{"line":116,"column":0}}},"13":{"name":"getTags","decl":{"start":{"line":117,"column":0},"end":{"line":null,"column":-1}},"loc":{"start":{"line":117,"column":0},"end":{"line":125,"column":0}}},"14":{"name":"(anonymous_16)","decl":{"start":{"line":121,"column":0},"end":{"line":null,"column":-1}},"loc":{"start":{"line":121,"column":0},"end":{"line":123,"column":0}}},"15":{"name":"createShop","decl":{"start":{"line":126,"column":0},"end":{"line":null,"column":-1}},"loc":{"start":{"line":126,"column":0},"end":{"line":145,"column":0}}},"16":{"name":"(anonymous_18)","decl":{"start":{"line":131,"column":0},"end":{"line":null,"column":-1}},"loc":{"start":{"line":131,"column":0},"end":{"line":141,"column":0}}},"17":{"name":"(anonymous_19)","decl":{"start":{"line":141,"column":0},"end":{"line":null,"column":-1}},"loc":{"start":{"line":141,"column":0},"end":{"line":143,"column":0}}},"18":{"name":"updateShop","decl":{"start":{"line":146,"column":0},"end":{"line":null,"column":-1}},"loc":{"start":{"line":146,"column":0},"end":{"line":166,"column":0}}},"19":{"name":"(anonymous_21)","decl":{"start":{"line":151,"column":0},"end":{"line":null,"column":-1}},"loc":{"start":{"line":151,"column":0},"end":{"line":162,"column":0}}},"20":{"name":"(anonymous_22)","decl":{"start":{"line":162,"column":0},"end":{"line":null,"column":-1}},"loc":{"start":{"line":162,"column":0},"end":{"line":164,"column":0}}},"21":{"name":"deleteShop","decl":{"start":{"line":167,"column":0},"end":{"line":null,"column":-1}},"loc":{"start":{"line":167,"column":0},"end":{"line":178,"column":0}}},"22":{"name":"(anonymous_24)","decl":{"start":{"line":169,"column":0},"end":{"line":null,"column":-1}},"loc":{"start":{"line":169,"column":0},"end":{"line":175,"column":0}}},"23":{"name":"(anonymous_25)","decl":{"start":{"line":175,"column":0},"end":{"line":null,"column":-1}},"loc":{"start":{"line":175,"column":0},"end":{"line":177,"column":0}}},"24":{"name":"checkInputFields","decl":{"start":{"line":179,"column":0},"end":{"line":null,"column":-1}},"loc":{"start":{"line":179,"column":0},"end":{"line":199,"column":0}}},"25":{"name":"(anonymous_27)","decl":{"start":{"line":183,"column":0},"end":{"line":null,"column":-1}},"loc":{"start":{"line":183,"column":0},"end":{"line":188,"column":0}}},"26":{"name":"(anonymous_28)","decl":{"start":{"line":189,"column":0},"end":{"line":null,"column":-1}},"loc":{"start":{"line":189,"column":0},"end":{"line":194,"column":0}}}},"branchMap":{"0":{"loc":{"start":{"line":48,"column":0},"end":{"line":51,"column":0}},"type":"if","locations":[{"start":{"line":48,"column":0},"end":{"line":51,"column":0}},{"start":{"line":48,"column":0},"end":{"line":51,"column":0}}]},"1":{"loc":{"start":{"line":52,"column":0},"end":{"line":54,"column":0}},"type":"if","locations":[{"start":{"line":52,"column":0},"end":{"line":54,"column":0}},{"start":{"line":52,"column":0},"end":{"line":54,"column":0}}]},"2":{"loc":{"start":{"line":113,"column":0},"end":{"line":115,"column":0}},"type":"if","locations":[{"start":{"line":113,"column":0},"end":{"line":115,"column":0}},{"start":{"line":113,"column":0},"end":{"line":115,"column":0}}]},"3":{"loc":{"start":{"line":127,"column":0},"end":{"line":144,"column":0}},"type":"if","locations":[{"start":{"line":127,"column":0},"end":{"line":144,"column":0}},{"start":{"line":127,"column":0},"end":{"line":144,"column":0}}]},"4":{"loc":{"start":{"line":147,"column":0},"end":{"line":165,"column":0}},"type":"if","locations":[{"start":{"line":147,"column":0},"end":{"line":165,"column":0}},{"start":{"line":147,"column":0},"end":{"line":165,"column":0}}]},"5":{"loc":{"start":{"line":181,"column":0},"end":{"line":197,"column":0}},"type":"if","locations":[{"start":{"line":181,"column":0},"end":{"line":197,"column":0}},{"start":{"line":181,"column":0},"end":{"line":197,"column":0}}]},"6":{"loc":{"start":{"line":181,"column":0},"end":{"line":null,"column":-1}},"type":"binary-expr","locations":[{"start":{"line":181,"column":0},"end":{"line":null,"column":-1}},{"start":{"line":181,"column":0},"end":{"line":null,"column":-1}},{"start":{"line":181,"column":0},"end":{"line":null,"column":-1}},{"start":{"line":181,"column":0},"end":{"line":null,"column":-1}}]},"7":{"loc":{"start":{"line":184,"column":0},"end":{"line":187,"column":0}},"type":"if","locations":[{"start":{"line":184,"column":0},"end":{"line":187,"column":0}},{"start":{"line":184,"column":0},"end":{"line":187,"column":0}}]},"8":{"loc":{"start":{"line":190,"column":0},"end":{"line":193,"column":0}},"type":"if","locations":[{"start":{"line":190,"column":0},"end":{"line":193,"column":0}},{"start":{"line":190,"column":0},"end":{"line":193,"column":0}}]},"9":{"loc":{"start":{"line":190,"column":0},"end":{"line":null,"column":-1}},"type":"binary-expr","locations":[{"start":{"line":190,"column":0},"end":{"line":null,"column":-1}},{"start":{"line":190,"column":0},"end":{"line":null,"column":-1}},{"start":{"line":190,"column":0},"end":{"line":null,"column":-1}},{"start":{"line":190,"column":0},"end":{"line":null,"column":-1}},{"start":{"line":190,"column":0},"end":{"line":null,"column":-1}},{"start":{"line":190,"column":0},"end":{"line":null,"column":-1}}]}},"s":{"0":0,"1":0,"2":0,"3":0,"4":0,"5":0,"6":0,"7":0,"8":0,"9":0,"10":0,"11":0,"12":0,"13":0,"14":0,"15":0,"16":0,"17":0,"18":0,"19":0,"20":0,"21":0,"22":0,"23":0,"24":0,"25":0,"26":0,"27":0,"28":0,"29":0,"30":0,"31":0,"32":0,"33":0,"34":0,"35":0,"36":0,"37":0,"38":0,"39":0,"40":0,"41":0,"42":0,"43":0,"44":0,"45":0,"46":0,"47":0,"48":0,"49":0,"50":0,"51":0,"52":0,"53":0,"54":0,"55":0,"56":0,"57":0,"58":0,"59":0,"60":0,"61":0,"62":0,"63":0,"64":0,"65":0,"66":0,"67":0,"68":0,"69":0,"70":0,"71":0,"72":0,"73":0,"74":0},"f":{"0":0,"1":0,"2":0,"3":0,"4":0,"5":0,"6":0,"7":0,"8":0,"9":0,"10":0,"11":0,"12":0,"13":0,"14":0,"15":0,"16":0,"17":0,"18":0,"19":0,"20":0,"21":0,"22":0,"23":0,"24":0,"25":0,"26":0},"b":{"0":[0,0],"1":[0,0],"2":[0,0],"3":[0,0],"4":[0,0],"5":[0,0],"6":[0,0,0,0],"7":[0,0],"8":[0,0],"9":[0,0,0,0,0,0]}}
,"C:\\Users\\shounak\\Desktop\\SYSC4806_MiniShopify\\frontend\\src\\pages\\Login.vue": {"path":"C:\\Users\\shounak\\Desktop\\SYSC4806_MiniShopify\\frontend\\src\\pages\\Login.vue","statementMap":{"0":{"start":{"line":21,"column":0},"end":{"line":null,"column":-1}},"1":{"start":{"line":22,"column":0},"end":{"line":null,"column":-1}},"2":{"start":{"line":32,"column":0},"end":{"line":null,"column":-1}},"3":{"start":{"line":41,"column":0},"end":{"line":null,"column":-1}},"4":{"start":{"line":42,"column":0},"end":{"line":46,"column":0}},"5":{"start":{"line":43,"column":0},"end":{"line":null,"column":-1}},"6":{"start":{"line":44,"column":0},"end":{"line":46,"column":0}},"7":{"start":{"line":45,"column":0},"end":{"line":null,"column":-1}},"8":{"start":{"line":47,"column":0},"end":{"line":49,"column":0}},"9":{"start":{"line":48,"column":0},"end":{"line":null,"column":-1}},"10":{"start":{"line":50,"column":0},"end":{"line":54,"column":0}},"11":{"start":{"line":51,"column":0},"end":{"line":null,"column":-1}},"12":{"start":{"line":53,"column":0},"end":{"line":null,"column":-1}},"13":{"start":{"line":57,"column":0},"end":{"line":null,"column":-1}},"14":{"start":{"line":58,"column":0},"end":{"line":null,"column":-1}},"15":{"start":{"line":60,"column":0},"end":{"line":null,"column":-1}},"16":{"start":{"line":61,"column":0},"end":{"line":86,"column":0}},"17":{"start":{"line":62,"column":0},"end":{"line":null,"column":-1}},"18":{"start":{"line":64,"column":0},"end":{"line":85,"column":0}},"19":{"start":{"line":69,"column":0},"end":{"line":null,"column":-1}},"20":{"start":{"line":70,"column":0},"end":{"line":null,"column":-1}},"21":{"start":{"line":71,"column":0},"end":{"line":null,"column":-1}},"22":{"start":{"line":72,"column":0},"end":{"line":null,"column":-1}},"23":{"start":{"line":73,"column":0},"end":{"line":null,"column":-1}},"24":{"start":{"line":77,"column":0},"end":{"line":null,"column":-1}},"25":{"start":{"line":78,"column":0},"end":{"line":null,"column":-1}},"26":{"start":{"line":79,"column":0},"end":{"line":null,"column":-1}},"27":{"start":{"line":80,"column":0},"end":{"line":null,"column":-1}},"28":{"start":{"line":83,"column":0},"end":{"line":null,"column":-1}},"29":{"start":{"line":84,"column":0},"end":{"line":null,"column":-1}}},"fnMap":{"0":{"name":"data","decl":{"start":{"line":31,"column":0},"end":{"line":null,"column":-1}},"loc":{"start":{"line":31,"column":0},"end":{"line":38,"column":0}}},"1":{"name":"isValid","decl":{"start":{"line":40,"column":0},"end":{"line":null,"column":-1}},"loc":{"start":{"line":40,"column":0},"end":{"line":55,"column":0}}},"2":{"name":"validEmail","decl":{"start":{"line":56,"column":0},"end":{"line":null,"column":-1}},"loc":{"start":{"line":56,"column":0},"end":{"line":59,"column":0}}},"3":{"name":"login","decl":{"start":{"line":60,"column":0},"end":{"line":null,"column":-1}},"loc":{"start":{"line":60,"column":0},"end":{"line":87,"column":0}}},"4":{"name":"(anonymous_6)","decl":{"start":{"line":64,"column":0},"end":{"line":null,"column":-1}},"loc":{"start":{"line":64,"column":0},"end":{"line":81,"column":0}}},"5":{"name":"(anonymous_7)","decl":{"start":{"line":81,"column":0},"end":{"line":null,"column":-1}},"loc":{"start":{"line":81,"column":0},"end":{"line":85,"column":0}}}},"branchMap":{"0":{"loc":{"start":{"line":42,"column":0},"end":{"line":46,"column":0}},"type":"if","locations":[{"start":{"line":42,"column":0},"end":{"line":46,"column":0}},{"start":{"line":42,"column":0},"end":{"line":46,"column":0}}]},"1":{"loc":{"start":{"line":44,"column":0},"end":{"line":46,"column":0}},"type":"if","locations":[{"start":{"line":44,"column":0},"end":{"line":46,"column":0}},{"start":{"line":44,"column":0},"end":{"line":46,"column":0}}]},"2":{"loc":{"start":{"line":47,"column":0},"end":{"line":49,"column":0}},"type":"if","locations":[{"start":{"line":47,"column":0},"end":{"line":49,"column":0}},{"start":{"line":47,"column":0},"end":{"line":49,"column":0}}]},"3":{"loc":{"start":{"line":50,"column":0},"end":{"line":54,"column":0}},"type":"if","locations":[{"start":{"line":50,"column":0},"end":{"line":54,"column":0}},{"start":{"line":50,"column":0},"end":{"line":54,"column":0}}]},"4":{"loc":{"start":{"line":61,"column":0},"end":{"line":86,"column":0}},"type":"if","locations":[{"start":{"line":61,"column":0},"end":{"line":86,"column":0}},{"start":{"line":61,"column":0},"end":{"line":86,"column":0}}]}},"s":{"0":1,"1":1,"2":1,"3":0,"4":0,"5":0,"6":0,"7":0,"8":0,"9":0,"10":0,"11":0,"12":0,"13":0,"14":0,"15":0,"16":0,"17":0,"18":0,"19":0,"20":0,"21":0,"22":0,"23":0,"24":0,"25":0,"26":0,"27":0,"28":0,"29":0},"f":{"0":1,"1":0,"2":0,"3":0,"4":0,"5":0},"b":{"0":[0,0],"1":[0,0],"2":[0,0],"3":[0,0],"4":[0,0]}}
,"C:\\Users\\shounak\\Desktop\\SYSC4806_MiniShopify\\frontend\\src\\pages\\Search.vue": {"path":"C:\\Users\\shounak\\Desktop\\SYSC4806_MiniShopify\\frontend\\src\\pages\\Search.vue","statementMap":{"0":{"start":{"line":18,"column":0},"end":{"line":null,"column":-1}},"1":{"start":{"line":19,"column":0},"end":{"line":null,"column":-1}},"2":{"start":{"line":20,"column":0},"end":{"line":null,"column":-1}},"3":{"start":{"line":26,"column":0},"end":{"line":null,"column":-1}},"4":{"start":{"line":35,"column":0},"end":{"line":38,"column":0}},"5":{"start":{"line":36,"column":0},"end":{"line":null,"column":-1}},"6":{"start":{"line":37,"column":0},"end":{"line":null,"column":-1}},"7":{"start":{"line":39,"column":0},"end":{"line":null,"column":-1}},"8":{"start":{"line":40,"column":0},"end":{"line":null,"column":-1}},"9":{"start":{"line":41,"column":0},"end":{"line":null,"column":-1}},"10":{"start":{"line":45,"column":0},"end":{"line":null,"column":-1}},"11":{"start":{"line":56,"column":0},"end":{"line":null,"column":-1}},"12":{"start":{"line":57,"column":0},"end":{"line":null,"column":-1}},"13":{"start":{"line":58,"column":0},"end":{"line":null,"column":-1}},"14":{"start":{"line":59,"column":0},"end":{"line":null,"column":-1}},"15":{"start":{"line":60,"column":0},"end":{"line":84,"column":0}},"16":{"start":{"line":61,"column":0},"end":{"line":null,"column":-1}},"17":{"start":{"line":63,"column":0},"end":{"line":83,"column":0}},"18":{"start":{"line":72,"column":0},"end":{"line":78,"column":0}},"19":{"start":{"line":73,"column":0},"end":{"line":null,"column":-1}},"20":{"start":{"line":74,"column":0},"end":{"line":null,"column":-1}},"21":{"start":{"line":76,"column":0},"end":{"line":null,"column":-1}},"22":{"start":{"line":77,"column":0},"end":{"line":null,"column":-1}},"23":{"start":{"line":81,"column":0},"end":{"line":null,"column":-1}},"24":{"start":{"line":82,"column":0},"end":{"line":null,"column":-1}}},"fnMap":{"0":{"name":"mounted","decl":{"start":{"line":34,"column":0},"end":{"line":null,"column":-1}},"loc":{"start":{"line":34,"column":0},"end":{"line":43,"column":0}}},"1":{"name":"data","decl":{"start":{"line":44,"column":0},"end":{"line":null,"column":-1}},"loc":{"start":{"line":44,"column":0},"end":{"line":54,"column":0}}},"2":{"name":"loadShops","decl":{"start":{"line":56,"column":0},"end":{"line":null,"column":-1}},"loc":{"start":{"line":56,"column":0},"end":{"line":86,"column":0}}},"3":{"name":"(anonymous_5)","decl":{"start":{"line":64,"column":0},"end":{"line":null,"column":-1}},"loc":{"start":{"line":64,"column":0},"end":{"line":79,"column":0}}},"4":{"name":"(anonymous_6)","decl":{"start":{"line":79,"column":0},"end":{"line":null,"column":-1}},"loc":{"start":{"line":79,"column":0},"end":{"line":83,"column":0}}}},"branchMap":{"0":{"loc":{"start":{"line":35,"column":0},"end":{"line":38,"column":0}},"type":"if","locations":[{"start":{"line":35,"column":0},"end":{"line":38,"column":0}},{"start":{"line":35,"column":0},"end":{"line":38,"column":0}}]},"1":{"loc":{"start":{"line":60,"column":0},"end":{"line":84,"column":0}},"type":"if","locations":[{"start":{"line":60,"column":0},"end":{"line":84,"column":0}},{"start":{"line":60,"column":0},"end":{"line":84,"column":0}}]},"2":{"loc":{"start":{"line":60,"column":0},"end":{"line":null,"column":-1}},"type":"binary-expr","locations":[{"start":{"line":60,"column":0},"end":{"line":null,"column":-1}},{"start":{"line":60,"column":0},"end":{"line":null,"column":-1}},{"start":{"line":60,"column":0},"end":{"line":null,"column":-1}},{"start":{"line":60,"column":0},"end":{"line":null,"column":-1}},{"start":{"line":60,"column":0},"end":{"line":null,"column":-1}},{"start":{"line":60,"column":0},"end":{"line":null,"column":-1}}]},"3":{"loc":{"start":{"line":72,"column":0},"end":{"line":78,"column":0}},"type":"if","locations":[{"start":{"line":72,"column":0},"end":{"line":78,"column":0}},{"start":{"line":72,"column":0},"end":{"line":78,"column":0}}]}},"s":{"0":0,"1":0,"2":0,"3":0,"4":0,"5":0,"6":0,"7":0,"8":0,"9":0,"10":0,"11":0,"12":0,"13":0,"14":0,"15":0,"16":0,"17":0,"18":0,"19":0,"20":0,"21":0,"22":0,"23":0,"24":0},"f":{"0":0,"1":0,"2":0,"3":0,"4":0},"b":{"0":[0,0],"1":[0,0],"2":[0,0,0,0,0,0],"3":[0,0]}}
,"C:\\Users\\shounak\\Desktop\\SYSC4806_MiniShopify\\frontend\\src\\pages\\ShopPage.vue": {"path":"C:\\Users\\shounak\\Desktop\\SYSC4806_MiniShopify\\frontend\\src\\pages\\ShopPage.vue","statementMap":{"0":{"start":{"line":27,"column":0},"end":{"line":null,"column":-1}},"1":{"start":{"line":28,"column":0},"end":{"line":null,"column":-1}},"2":{"start":{"line":29,"column":0},"end":{"line":null,"column":-1}},"3":{"start":{"line":43,"column":0},"end":{"line":46,"column":0}},"4":{"start":{"line":44,"column":0},"end":{"line":null,"column":-1}},"5":{"start":{"line":45,"column":0},"end":{"line":null,"column":-1}},"6":{"start":{"line":47,"column":0},"end":{"line":null,"column":-1}},"7":{"start":{"line":50,"column":0},"end":{"line":null,"column":-1}},"8":{"start":{"line":61,"column":0},"end":{"line":null,"column":-1}},"9":{"start":{"line":62,"column":0},"end":{"line":77,"column":0}},"10":{"start":{"line":63,"column":0},"end":{"line":74,"column":0}},"11":{"start":{"line":65,"column":0},"end":{"line":null,"column":-1}},"12":{"start":{"line":66,"column":0},"end":{"line":null,"column":-1}},"13":{"start":{"line":67,"column":0},"end":{"line":null,"column":-1}},"14":{"start":{"line":68,"column":0},"end":{"line":null,"column":-1}},"15":{"start":{"line":69,"column":0},"end":{"line":null,"column":-1}},"16":{"start":{"line":70,"column":0},"end":{"line":null,"column":-1}},"17":{"start":{"line":73,"column":0},"end":{"line":null,"column":-1}},"18":{"start":{"line":76,"column":0},"end":{"line":null,"column":-1}},"19":{"start":{"line":80,"column":0},"end":{"line":null,"column":-1}},"20":{"start":{"line":81,"column":0},"end":{"line":83,"column":0}},"21":{"start":{"line":82,"column":0},"end":{"line":null,"column":-1}},"22":{"start":{"line":84,"column":0},"end":{"line":null,"column":-1}},"23":{"start":{"line":86,"column":0},"end":{"line":null,"column":-1}},"24":{"start":{"line":87,"column":0},"end":{"line":null,"column":-1}},"25":{"start":{"line":88,"column":0},"end":{"line":null,"column":-1}},"26":{"start":{"line":89,"column":0},"end":{"line":100,"column":0}},"27":{"start":{"line":95,"column":0},"end":{"line":null,"column":-1}},"28":{"start":{"line":96,"column":0},"end":{"line":null,"column":-1}},"29":{"start":{"line":99,"column":0},"end":{"line":null,"column":-1}}},"fnMap":{"0":{"name":"mounted","decl":{"start":{"line":42,"column":0},"end":{"line":null,"column":-1}},"loc":{"start":{"line":42,"column":0},"end":{"line":48,"column":0}}},"1":{"name":"data","decl":{"start":{"line":49,"column":0},"end":{"line":null,"column":-1}},"loc":{"start":{"line":49,"column":0},"end":{"line":59,"column":0}}},"2":{"name":"getShop","decl":{"start":{"line":61,"column":0},"end":{"line":null,"column":-1}},"loc":{"start":{"line":61,"column":0},"end":{"line":78,"column":0}}},"3":{"name":"(anonymous_5)","decl":{"start":{"line":63,"column":0},"end":{"line":null,"column":-1}},"loc":{"start":{"line":63,"column":0},"end":{"line":71,"column":0}}},"4":{"name":"(anonymous_6)","decl":{"start":{"line":71,"column":0},"end":{"line":null,"column":-1}},"loc":{"start":{"line":71,"column":0},"end":{"line":74,"column":0}}},"5":{"name":"formatTags","decl":{"start":{"line":79,"column":0},"end":{"line":null,"column":-1}},"loc":{"start":{"line":79,"column":0},"end":{"line":85,"column":0}}},"6":{"name":"(anonymous_8)","decl":{"start":{"line":81,"column":0},"end":{"line":null,"column":-1}},"loc":{"start":{"line":81,"column":0},"end":{"line":83,"column":0}}},"7":{"name":"addItemToCart","decl":{"start":{"line":86,"column":0},"end":{"line":null,"column":-1}},"loc":{"start":{"line":86,"column":0},"end":{"line":101,"column":0}}},"8":{"name":"(anonymous_10)","decl":{"start":{"line":89,"column":0},"end":{"line":null,"column":-1}},"loc":{"start":{"line":89,"column":0},"end":{"line":97,"column":0}}},"9":{"name":"(anonymous_11)","decl":{"start":{"line":97,"column":0},"end":{"line":null,"column":-1}},"loc":{"start":{"line":97,"column":0},"end":{"line":100,"column":0}}}},"branchMap":{"0":{"loc":{"start":{"line":43,"column":0},"end":{"line":46,"column":0}},"type":"if","locations":[{"start":{"line":43,"column":0},"end":{"line":46,"column":0}},{"start":{"line":43,"column":0},"end":{"line":46,"column":0}}]},"1":{"loc":{"start":{"line":62,"column":0},"end":{"line":77,"column":0}},"type":"if","locations":[{"start":{"line":62,"column":0},"end":{"line":77,"column":0}},{"start":{"line":62,"column":0},"end":{"line":77,"column":0}}]}},"s":{"0":0,"1":0,"2":0,"3":0,"4":0,"5":0,"6":0,"7":0,"8":0,"9":0,"10":0,"11":0,"12":0,"13":0,"14":0,"15":0,"16":0,"17":0,"18":0,"19":0,"20":0,"21":0,"22":0,"23":0,"24":0,"25":0,"26":0,"27":0,"28":0,"29":0},"f":{"0":0,"1":0,"2":0,"3":0,"4":0,"5":0,"6":0,"7":0,"8":0,"9":0},"b":{"0":[0,0],"1":[0,0]}}
,"C:\\Users\\shounak\\Desktop\\SYSC4806_MiniShopify\\frontend\\src\\pages\\SignUp.vue": {"path":"C:\\Users\\shounak\\Desktop\\SYSC4806_MiniShopify\\frontend\\src\\pages\\SignUp.vue","statementMap":{"0":{"start":{"line":25,"column":0},"end":{"line":null,"column":-1}},"1":{"start":{"line":29,"column":0},"end":{"line":null,"column":-1}},"2":{"start":{"line":41,"column":0},"end":{"line":null,"column":-1}},"3":{"start":{"line":42,"column":0},"end":{"line":44,"column":0}},"4":{"start":{"line":43,"column":0},"end":{"line":null,"column":-1}},"5":{"start":{"line":45,"column":0},"end":{"line":47,"column":0}},"6":{"start":{"line":46,"column":0},"end":{"line":null,"column":-1}},"7":{"start":{"line":48,"column":0},"end":{"line":50,"column":0}},"8":{"start":{"line":49,"column":0},"end":{"line":null,"column":-1}},"9":{"start":{"line":51,"column":0},"end":{"line":55,"column":0}},"10":{"start":{"line":52,"column":0},"end":{"line":null,"column":-1}},"11":{"start":{"line":53,"column":0},"end":{"line":55,"column":0}},"12":{"start":{"line":54,"column":0},"end":{"line":null,"column":-1}},"13":{"start":{"line":56,"column":0},"end":{"line":58,"column":0}},"14":{"start":{"line":57,"column":0},"end":{"line":null,"column":-1}},"15":{"start":{"line":59,"column":0},"end":{"line":63,"column":0}},"16":{"start":{"line":60,"column":0},"end":{"line":null,"column":-1}},"17":{"start":{"line":61,"column":0},"end":{"line":63,"column":0}},"18":{"start":{"line":62,"column":0},"end":{"line":null,"column":-1}},"19":{"start":{"line":64,"column":0},"end":{"line":68,"column":0}},"20":{"start":{"line":65,"column":0},"end":{"line":null,"column":-1}},"21":{"start":{"line":67,"column":0},"end":{"line":null,"column":-1}},"22":{"start":{"line":71,"column":0},"end":{"line":null,"column":-1}},"23":{"start":{"line":72,"column":0},"end":{"line":null,"column":-1}},"24":{"start":{"line":75,"column":0},"end":{"line":79,"column":0}},"25":{"start":{"line":76,"column":0},"end":{"line":null,"column":-1}},"26":{"start":{"line":78,"column":0},"end":{"line":null,"column":-1}},"27":{"start":{"line":81,"column":0},"end":{"line":null,"column":-1}},"28":{"start":{"line":82,"column":0},"end":{"line":98,"column":0}},"29":{"start":{"line":83,"column":0},"end":{"line":null,"column":-1}},"30":{"start":{"line":85,"column":0},"end":{"line":97,"column":0}},"31":{"start":{"line":92,"column":0},"end":{"line":null,"column":-1}},"32":{"start":{"line":93,"column":0},"end":{"line":null,"column":-1}},"33":{"start":{"line":96,"column":0},"end":{"line":null,"column":-1}}},"fnMap":{"0":{"name":"data","decl":{"start":{"line":28,"column":0},"end":{"line":null,"column":-1}},"loc":{"start":{"line":28,"column":0},"end":{"line":38,"column":0}}},"1":{"name":"isValid","decl":{"start":{"line":40,"column":0},"end":{"line":null,"column":-1}},"loc":{"start":{"line":40,"column":0},"end":{"line":69,"column":0}}},"2":{"name":"validEmail","decl":{"start":{"line":70,"column":0},"end":{"line":null,"column":-1}},"loc":{"start":{"line":70,"column":0},"end":{"line":73,"column":0}}},"3":{"name":"passwordConfirmed","decl":{"start":{"line":74,"column":0},"end":{"line":null,"column":-1}},"loc":{"start":{"line":74,"column":0},"end":{"line":80,"column":0}}},"4":{"name":"signUp","decl":{"start":{"line":81,"column":0},"end":{"line":null,"column":-1}},"loc":{"start":{"line":81,"column":0},"end":{"line":99,"column":0}}},"5":{"name":"(anonymous_7)","decl":{"start":{"line":85,"column":0},"end":{"line":null,"column":-1}},"loc":{"start":{"line":85,"column":0},"end":{"line":94,"column":0}}},"6":{"name":"(anonymous_8)","decl":{"start":{"line":94,"column":0},"end":{"line":null,"column":-1}},"loc":{"start":{"line":94,"column":0},"end":{"line":97,"column":0}}}},"branchMap":{"0":{"loc":{"start":{"line":42,"column":0},"end":{"line":44,"column":0}},"type":"if","locations":[{"start":{"line":42,"column":0},"end":{"line":44,"column":0}},{"start":{"line":42,"column":0},"end":{"line":44,"column":0}}]},"1":{"loc":{"start":{"line":45,"column":0},"end":{"line":47,"column":0}},"type":"if","locations":[{"start":{"line":45,"column":0},"end":{"line":47,"column":0}},{"start":{"line":45,"column":0},"end":{"line":47,"column":0}}]},"2":{"loc":{"start":{"line":48,"column":0},"end":{"line":50,"column":0}},"type":"if","locations":[{"start":{"line":48,"column":0},"end":{"line":50,"column":0}},{"start":{"line":48,"column":0},"end":{"line":50,"column":0}}]},"3":{"loc":{"start":{"line":51,"column":0},"end":{"line":55,"column":0}},"type":"if","locations":[{"start":{"line":51,"column":0},"end":{"line":55,"column":0}},{"start":{"line":51,"column":0},"end":{"line":55,"column":0}}]},"4":{"loc":{"start":{"line":53,"column":0},"end":{"line":55,"column":0}},"type":"if","locations":[{"start":{"line":53,"column":0},"end":{"line":55,"column":0}},{"start":{"line":53,"column":0},"end":{"line":55,"column":0}}]},"5":{"loc":{"start":{"line":56,"column":0},"end":{"line":58,"column":0}},"type":"if","locations":[{"start":{"line":56,"column":0},"end":{"line":58,"column":0}},{"start":{"line":56,"column":0},"end":{"line":58,"column":0}}]},"6":{"loc":{"start":{"line":59,"column":0},"end":{"line":63,"column":0}},"type":"if","locations":[{"start":{"line":59,"column":0},"end":{"line":63,"column":0}},{"start":{"line":59,"column":0},"end":{"line":63,"column":0}}]},"7":{"loc":{"start":{"line":61,"column":0},"end":{"line":63,"column":0}},"type":"if","locations":[{"start":{"line":61,"column":0},"end":{"line":63,"column":0}},{"start":{"line":61,"column":0},"end":{"line":63,"column":0}}]},"8":{"loc":{"start":{"line":64,"column":0},"end":{"line":68,"column":0}},"type":"if","locations":[{"start":{"line":64,"column":0},"end":{"line":68,"column":0}},{"start":{"line":64,"column":0},"end":{"line":68,"column":0}}]},"9":{"loc":{"start":{"line":75,"column":0},"end":{"line":79,"column":0}},"type":"if","locations":[{"start":{"line":75,"column":0},"end":{"line":79,"column":0}},{"start":{"line":75,"column":0},"end":{"line":79,"column":0}}]},"10":{"loc":{"start":{"line":82,"column":0},"end":{"line":98,"column":0}},"type":"if","locations":[{"start":{"line":82,"column":0},"end":{"line":98,"column":0}},{"start":{"line":82,"column":0},"end":{"line":98,"column":0}}]}},"s":{"0":1,"1":1,"2":0,"3":0,"4":0,"5":0,"6":0,"7":0,"8":0,"9":0,"10":0,"11":0,"12":0,"13":0,"14":0,"15":0,"16":0,"17":0,"18":0,"19":0,"20":0,"21":0,"22":0,"23":0,"24":0,"25":0,"26":0,"27":0,"28":0,"29":0,"30":0,"31":0,"32":0,"33":0},"f":{"0":1,"1":0,"2":0,"3":0,"4":0,"5":0,"6":0},"b":{"0":[0,0],"1":[0,0],"2":[0,0],"3":[0,0],"4":[0,0],"5":[0,0],"6":[0,0],"7":[0,0],"8":[0,0],"9":[0,0],"10":[0,0]}}
}
