TN:
SF:C:\Users\shounak\Desktop\SYSC4806_MiniShopify\frontend\src\App.vue
FN:30,data
FN:37,updateBar
FN:41,logoutUser
FN:48,toggleLogin
FN:55,handleChange
FNF:5
FNH:0
FNDA:0,data
FNDA:0,updateBar
FNDA:0,logoutUser
FNDA:0,toggleLogin
FNDA:0,handleChange
DA:26,0
DA:31,0
DA:38,0
DA:39,0
DA:43,0
DA:44,0
DA:45,0
DA:46,0
DA:49,0
DA:50,0
DA:52,0
DA:56,0
DA:57,0
DA:58,0
LF:14
LH:0
BRDA:49,0,0,0
BRDA:49,0,1,0
BRF:2
BRH:0
end_of_record
TN:
SF:C:\Users\shounak\Desktop\SYSC4806_MiniShopify\frontend\src\components\CartItem.vue
FN:20,removeItemFromCart
FN:29,(anonymous_3)
FN:36,(anonymous_4)
FNF:3
FNH:0
FNDA:0,removeItemFromCart
FNDA:0,(anonymous_3)
FNDA:0,(anonymous_4)
DA:13,0
DA:14,0
DA:20,0
DA:21,0
DA:22,0
DA:23,0
DA:24,0
DA:34,0
DA:35,0
DA:37,0
DA:40,0
LF:11
LH:0
BRDA:23,0,0,0
BRDA:23,0,1,0
BRF:2
BRH:0
end_of_record
TN:
SF:C:\Users\shounak\Desktop\SYSC4806_MiniShopify\frontend\src\components\EditItem.vue
FN:29,mounted
FN:32,data
FN:41,name
FN:44,description
FN:47,stockPrice
FN:50,stockQuantity
FN:56,updateItem
FN:65,removeItem
FNF:8
FNH:0
FNDA:0,mounted
FNDA:0,data
FNDA:0,name
FNDA:0,description
FNDA:0,stockPrice
FNDA:0,stockQuantity
FNDA:0,updateItem
FNDA:0,removeItem
DA:30,0
DA:33,0
DA:42,0
DA:45,0
DA:48,0
DA:51,0
DA:57,0
DA:63,0
DA:66,0
LF:9
LH:0
BRF:0
BRH:0
end_of_record
TN:
SF:C:\Users\shounak\Desktop\SYSC4806_MiniShopify\frontend\src\components\ProductItem.vue
FN:41,data
FN:47,addItemToCart
FNF:2
FNH:0
FNDA:0,data
FNDA:0,addItemToCart
DA:42,0
DA:48,0
DA:49,0
DA:51,0
LF:4
LH:0
BRDA:48,0,0,0
BRDA:48,0,1,0
BRF:2
BRH:0
end_of_record
TN:
SF:C:\Users\shounak\Desktop\SYSC4806_MiniShopify\frontend\src\components\ShopItem.vue
FN:25,selectShop
FNF:1
FNH:0
FNDA:0,selectShop
DA:26,0
DA:27,0
DA:29,0
LF:3
LH:0
BRDA:26,0,0,0
BRDA:26,0,1,0
BRF:2
BRH:0
end_of_record
TN:
SF:C:\Users\shounak\Desktop\SYSC4806_MiniShopify\frontend\src\constants\constants.js
FN:9,setCookie
FN:16,addCookie
FN:23,getCookie
FNF:3
FNH:0
FNDA:0,setCookie
FNDA:0,addCookie
FNDA:0,getCookie
DA:1,1
DA:2,1
DA:3,1
DA:5,1
DA:7,1
DA:10,0
DA:11,0
DA:12,0
DA:13,0
DA:17,0
DA:18,0
DA:19,0
DA:20,0
DA:24,0
DA:25,0
DA:26,0
DA:27,0
DA:28,0
DA:29,0
DA:30,0
DA:32,0
DA:33,0
DA:36,0
LF:23
LH:5
BRDA:32,0,0,0
BRDA:32,0,1,0
BRF:2
BRH:0
end_of_record
TN:
SF:C:\Users\shounak\Desktop\SYSC4806_MiniShopify\frontend\src\pages\AllShopsPage.vue
FN:33,mounted
FN:40,data
FN:50,loadShops
FN:53,(anonymous_5)
FN:59,(anonymous_6)
FN:69,(anonymous_7)
FN:74,toggleShops
FNF:7
FNH:0
FNDA:0,mounted
FNDA:0,data
FNDA:0,loadShops
FNDA:0,(anonymous_5)
FNDA:0,(anonymous_6)
FNDA:0,(anonymous_7)
FNDA:0,toggleShops
DA:24,0
DA:25,0
DA:26,0
DA:34,0
DA:35,0
DA:36,0
DA:38,0
DA:41,0
DA:50,0
DA:51,0
DA:52,0
DA:53,0
DA:55,0
DA:56,0
DA:57,0
DA:58,0
DA:59,0
DA:60,0
DA:61,0
DA:64,0
DA:66,0
DA:67,0
DA:71,0
DA:75,0
DA:76,0
DA:77,0
DA:79,0
DA:80,0
LF:28
LH:0
BRDA:34,0,0,0
BRDA:34,0,1,0
BRDA:57,1,0,0
BRDA:57,1,1,0
BRDA:58,2,0,0
BRDA:58,2,1,0
BRDA:60,3,0,0
BRDA:60,3,1,0
BRDA:75,4,0,0
BRDA:75,4,1,0
BRF:10
BRH:0
end_of_record
TN:
SF:C:\Users\shounak\Desktop\SYSC4806_MiniShopify\frontend\src\pages\CartPage.vue
FN:32,mounted
FN:39,data
FN:47,getCart
FN:50,(anonymous_5)
FN:57,(anonymous_6)
FN:61,getTotal
FN:64,(anonymous_8)
FN:70,(anonymous_9)
FN:75,checkout
FNF:9
FNH:0
FNDA:0,mounted
FNDA:0,data
FNDA:0,getCart
FNDA:0,(anonymous_5)
FNDA:0,(anonymous_6)
FNDA:0,getTotal
FNDA:0,(anonymous_8)
FNDA:0,(anonymous_9)
FNDA:0,checkout
DA:17,0
DA:18,0
DA:25,0
DA:33,0
DA:34,0
DA:35,0
DA:37,0
DA:40,0
DA:47,0
DA:48,0
DA:49,0
DA:50,0
DA:54,0
DA:55,0
DA:56,0
DA:58,0
DA:61,0
DA:62,0
DA:63,0
DA:64,0
DA:69,0
DA:72,0
LF:22
LH:0
BRDA:33,0,0,0
BRDA:33,0,1,0
BRF:2
BRH:0
end_of_record
TN:
SF:C:\Users\shounak\Desktop\SYSC4806_MiniShopify\frontend\src\pages\CreateShopPage.vue
FN:47,mounted
FN:56,data
FN:69,setEditMode
FN:71,(anonymous_5)
FN:80,(anonymous_6)
FN:85,populateEditComponents
FN:86,(anonymous_8)
FN:90,parseTags
FN:92,(anonymous_10)
FN:97,addItemComponent
FN:100,removeItemComponent
FN:104,addItem
FN:112,updateItem
FN:117,getTags
FN:121,(anonymous_16)
FN:126,createShop
FN:131,(anonymous_18)
FN:141,(anonymous_19)
FN:146,updateShop
FN:151,(anonymous_21)
FN:162,(anonymous_22)
FN:167,deleteShop
FN:169,(anonymous_24)
FN:175,(anonymous_25)
FN:179,checkInputFields
FN:183,(anonymous_27)
FN:189,(anonymous_28)
FNF:27
FNH:0
FNDA:0,mounted
FNDA:0,data
FNDA:0,setEditMode
FNDA:0,(anonymous_5)
FNDA:0,(anonymous_6)
FNDA:0,populateEditComponents
FNDA:0,(anonymous_8)
FNDA:0,parseTags
FNDA:0,(anonymous_10)
FNDA:0,addItemComponent
FNDA:0,removeItemComponent
FNDA:0,addItem
FNDA:0,updateItem
FNDA:0,getTags
FNDA:0,(anonymous_16)
FNDA:0,createShop
FNDA:0,(anonymous_18)
FNDA:0,(anonymous_19)
FNDA:0,updateShop
FNDA:0,(anonymous_21)
FNDA:0,(anonymous_22)
FNDA:0,deleteShop
FNDA:0,(anonymous_24)
FNDA:0,(anonymous_25)
FNDA:0,checkInputFields
FNDA:0,(anonymous_27)
FNDA:0,(anonymous_28)
DA:27,0
DA:28,0
DA:29,0
DA:48,0
DA:49,0
DA:50,0
DA:52,0
DA:53,0
DA:57,0
DA:69,0
DA:70,0
DA:71,0
DA:73,0
DA:74,0
DA:75,0
DA:76,0
DA:77,0
DA:78,0
DA:79,0
DA:82,0
DA:85,0
DA:86,0
DA:87,0
DA:91,0
DA:92,0
DA:93,0
DA:95,0
DA:98,0
DA:101,0
DA:102,0
DA:105,0
DA:113,0
DA:114,0
DA:119,0
DA:120,0
DA:121,0
DA:122,0
DA:124,0
DA:126,0
DA:127,0
DA:128,0
DA:129,0
DA:130,0
DA:131,0
DA:139,0
DA:140,0
DA:142,0
DA:146,0
DA:147,0
DA:148,0
DA:149,0
DA:150,0
DA:151,0
DA:160,0
DA:161,0
DA:163,0
DA:167,0
DA:168,0
DA:169,0
DA:173,0
DA:174,0
DA:176,0
DA:180,0
DA:181,0
DA:182,0
DA:183,0
DA:184,0
DA:185,0
DA:186,0
DA:189,0
DA:190,0
DA:191,0
DA:192,0
DA:196,0
DA:198,0
LF:75
LH:0
BRDA:48,0,0,0
BRDA:48,0,1,0
BRDA:52,1,0,0
BRDA:52,1,1,0
BRDA:113,2,0,0
BRDA:113,2,1,0
BRDA:127,3,0,0
BRDA:127,3,1,0
BRDA:147,4,0,0
BRDA:147,4,1,0
BRDA:181,5,0,0
BRDA:181,5,1,0
BRDA:181,6,0,0
BRDA:181,6,1,0
BRDA:181,6,2,0
BRDA:181,6,3,0
BRDA:184,7,0,0
BRDA:184,7,1,0
BRDA:190,8,0,0
BRDA:190,8,1,0
BRDA:190,9,0,0
BRDA:190,9,1,0
BRDA:190,9,2,0
BRDA:190,9,3,0
BRDA:190,9,4,0
BRDA:190,9,5,0
BRF:26
BRH:0
end_of_record
TN:
SF:C:\Users\shounak\Desktop\SYSC4806_MiniShopify\frontend\src\pages\Login.vue
FN:31,data
FN:40,isValid
FN:56,validEmail
FN:60,login
FN:64,(anonymous_6)
FN:81,(anonymous_7)
FNF:6
FNH:1
FNDA:1,data
FNDA:0,isValid
FNDA:0,validEmail
FNDA:0,login
FNDA:0,(anonymous_6)
FNDA:0,(anonymous_7)
DA:21,1
DA:22,1
DA:32,1
DA:41,0
DA:42,0
DA:43,0
DA:44,0
DA:45,0
DA:47,0
DA:48,0
DA:50,0
DA:51,0
DA:53,0
DA:57,0
DA:58,0
DA:60,0
DA:61,0
DA:62,0
DA:64,0
DA:69,0
DA:70,0
DA:71,0
DA:72,0
DA:73,0
DA:77,0
DA:78,0
DA:79,0
DA:80,0
DA:83,0
DA:84,0
LF:30
LH:3
BRDA:42,0,0,0
BRDA:42,0,1,0
BRDA:44,1,0,0
BRDA:44,1,1,0
BRDA:47,2,0,0
BRDA:47,2,1,0
BRDA:50,3,0,0
BRDA:50,3,1,0
BRDA:61,4,0,0
BRDA:61,4,1,0
BRF:10
BRH:0
end_of_record
TN:
SF:C:\Users\shounak\Desktop\SYSC4806_MiniShopify\frontend\src\pages\Search.vue
FN:34,mounted
FN:44,data
FN:56,loadShops
FN:64,(anonymous_5)
FN:79,(anonymous_6)
FNF:5
FNH:0
FNDA:0,mounted
FNDA:0,data
FNDA:0,loadShops
FNDA:0,(anonymous_5)
FNDA:0,(anonymous_6)
DA:18,0
DA:19,0
DA:20,0
DA:26,0
DA:35,0
DA:36,0
DA:37,0
DA:39,0
DA:40,0
DA:41,0
DA:45,0
DA:56,0
DA:57,0
DA:58,0
DA:59,0
DA:60,0
DA:61,0
DA:63,0
DA:72,0
DA:73,0
DA:74,0
DA:76,0
DA:77,0
DA:81,0
DA:82,0
LF:25
LH:0
BRDA:35,0,0,0
BRDA:35,0,1,0
BRDA:60,1,0,0
BRDA:60,1,1,0
BRDA:60,2,0,0
BRDA:60,2,1,0
BRDA:60,2,2,0
BRDA:60,2,3,0
BRDA:60,2,4,0
BRDA:60,2,5,0
BRDA:72,3,0,0
BRDA:72,3,1,0
BRF:12
BRH:0
end_of_record
TN:
SF:C:\Users\shounak\Desktop\SYSC4806_MiniShopify\frontend\src\pages\ShopPage.vue
FN:42,mounted
FN:49,data
FN:61,getShop
FN:63,(anonymous_5)
FN:71,(anonymous_6)
FN:79,formatTags
FN:81,(anonymous_8)
FN:86,addItemToCart
FN:89,(anonymous_10)
FN:97,(anonymous_11)
FNF:10
FNH:0
FNDA:0,mounted
FNDA:0,data
FNDA:0,getShop
FNDA:0,(anonymous_5)
FNDA:0,(anonymous_6)
FNDA:0,formatTags
FNDA:0,(anonymous_8)
FNDA:0,addItemToCart
FNDA:0,(anonymous_10)
FNDA:0,(anonymous_11)
DA:27,0
DA:28,0
DA:29,0
DA:43,0
DA:44,0
DA:45,0
DA:47,0
DA:50,0
DA:61,0
DA:62,0
DA:63,0
DA:65,0
DA:66,0
DA:67,0
DA:68,0
DA:69,0
DA:70,0
DA:73,0
DA:76,0
DA:80,0
DA:81,0
DA:82,0
DA:84,0
DA:86,0
DA:87,0
DA:88,0
DA:89,0
DA:95,0
DA:96,0
DA:99,0
LF:30
LH:0
BRDA:43,0,0,0
BRDA:43,0,1,0
BRDA:62,1,0,0
BRDA:62,1,1,0
BRF:4
BRH:0
end_of_record
TN:
SF:C:\Users\shounak\Desktop\SYSC4806_MiniShopify\frontend\src\pages\SignUp.vue
FN:28,data
FN:40,isValid
FN:70,validEmail
FN:74,passwordConfirmed
FN:81,signUp
FN:85,(anonymous_7)
FN:94,(anonymous_8)
FNF:7
FNH:1
FNDA:1,data
FNDA:0,isValid
FNDA:0,validEmail
FNDA:0,passwordConfirmed
FNDA:0,signUp
FNDA:0,(anonymous_7)
FNDA:0,(anonymous_8)
DA:25,1
DA:29,1
DA:41,0
DA:42,0
DA:43,0
DA:45,0
DA:46,0
DA:48,0
DA:49,0
DA:51,0
DA:52,0
DA:53,0
DA:54,0
DA:56,0
DA:57,0
DA:59,0
DA:60,0
DA:61,0
DA:62,0
DA:64,0
DA:65,0
DA:67,0
DA:71,0
DA:72,0
DA:75,0
DA:76,0
DA:78,0
DA:81,0
DA:82,0
DA:83,0
DA:85,0
DA:92,0
DA:93,0
DA:96,0
LF:34
LH:2
BRDA:42,0,0,0
BRDA:42,0,1,0
BRDA:45,1,0,0
BRDA:45,1,1,0
BRDA:48,2,0,0
BRDA:48,2,1,0
BRDA:51,3,0,0
BRDA:51,3,1,0
BRDA:53,4,0,0
BRDA:53,4,1,0
BRDA:56,5,0,0
BRDA:56,5,1,0
BRDA:59,6,0,0
BRDA:59,6,1,0
BRDA:61,7,0,0
BRDA:61,7,1,0
BRDA:64,8,0,0
BRDA:64,8,1,0
BRDA:75,9,0,0
BRDA:75,9,1,0
BRDA:82,10,0,0
BRDA:82,10,1,0
BRF:22
BRH:0
end_of_record
